<?xml version="1.0" encoding="UTF-8"?>
<!-- Generated by org.testng.reporters.JUnitReportReporter -->
<testsuite skipped="0" hostname="Santo" name="TestRunner.CucumberRunner$CucumberRunnerTests" tests="3" failures="0" timestamp="2023-06-09T16:26:55 BDT" time="24.493" errors="0">
  <testcase name="runScenario" time="18.179" classname="TestRunner.CucumberRunner$CucumberRunnerTests"/>
  <system-out/>
  <testcase name="runScenario" time="3.146" classname="TestRunner.CucumberRunner$CucumberRunnerTests"/>
  <system-out/>
  <testcase name="runScenario" time="3.168" classname="TestRunner.CucumberRunner$CucumberRunnerTests"/>
  <system-out/>
</testsuite> <!-- TestRunner.CucumberRunner$CucumberRunnerTests -->
